This is XeTeX, Version 3.1415926-2.3-0.9997.5 (MiKTeX 2.9) (preloaded format=xelatex 2016.9.8)  8 SEP 2016 14:22
entering extended mode
**文件系统.tex
("C:\Users\duanwujie\Desktop\work\hacking-kernel\Hacking Kernel\文件系统.te
x"
LaTeX2e <2011/06/27>
Babel <v3.8m> and hyphenation patterns for loaded.
! Undefined control sequence.
l.1 \chapter
            {文件系统}
The control sequence at the end of the top line
of your error message was never \def'ed. If you have
misspelled it (e.g., `\hobx'), type `I' and the correct
spelling (e.g., `I\hbox'). Otherwise just continue,
and I'll forget about whatever was undefined.


! LaTeX Error: Missing \begin{document}.

See the LaTeX manual or LaTeX Companion for explanation.
Type  H <return>  for immediate help.
 ...                                              
                                                  
l.1 \chapter{文
                件系统}
You're in trouble here.  Try typing  <return>  to proceed.
If that doesn't work, type  X <return>  to quit.

Missing character: There is no 文 in font nullfont!
Missing character: There is no 件 in font nullfont!
Missing character: There is no 系 in font nullfont!
Missing character: There is no 统 in font nullfont!

Overfull \hbox (20.0pt too wide) in paragraph at lines 1--2
[] 
 []

)
! Emergency stop.
<*> 文件系统.tex
                    
*** (job aborted, no legal \end found)

 
Here is how much of TeX's memory you used:
 5 strings out of 430478
 94 string characters out of 3191503
 44928 words of memory out of 3000000
 3235 multiletter control sequences out of 15000+200000
 3640 words of font info for 14 fonts, out of 3000000 for 9000
 14 hyphenation exceptions out of 8191
 5i,0n,4p,25b,16s stack positions out of 5000i,500n,10000p,200000b,50000s
No pages of output.
