This is XeTeX, Version 3.1415926-2.3-0.9997.5 (MiKTeX 2.9) (preloaded format=xelatex 2016.9.8)  23 SEP 2016 09:46
entering extended mode
**预测算法描述.tex
("C:\Users\duanwujie\Desktop\work\hacking-kernel\Hacking Kernel\预测算法描
述.tex"
LaTeX2e <2011/06/27>
Babel <v3.8m> and hyphenation patterns for loaded.
! Undefined control sequence.
l.1 \chapter
            {预测算法}
The control sequence at the end of the top line
of your error message was never \def'ed. If you have
misspelled it (e.g., `\hobx'), type `I' and the correct
spelling (e.g., `I\hbox'). Otherwise just continue,
and I'll forget about whatever was undefined.


! LaTeX Error: Missing \begin{document}.

See the LaTeX manual or LaTeX Companion for explanation.
Type  H <return>  for immediate help.
 ...                                              
                                                  
l.1 \chapter{预
                测算法}
You're in trouble here.  Try typing  <return>  to proceed.
If that doesn't work, type  X <return>  to quit.

Missing character: There is no 预 in font nullfont!
Missing character: There is no 测 in font nullfont!
Missing character: There is no 算 in font nullfont!
Missing character: There is no 法 in font nullfont!

Overfull \hbox (20.0pt too wide) in paragraph at lines 1--2
[] 
 []


! LaTeX Error: Missing \begin{document}.

See the LaTeX manual or LaTeX Companion for explanation.
Type  H <return>  for immediate help.
 ...                                              
                                                  
l.4 \begin{itemize}
                   
You're in trouble here.  Try typing  <return>  to proceed.
If that doesn't work, type  X <return>  to quit.


Overfull \hbox (20.0pt too wide) in paragraph at lines 4--4
[] 
 []

Missing character: There is no 问 in font nullfont!
Missing character: There is no 题 in font nullfont!
Missing character: There is no 描 in font nullfont!
Missing character: There is no 述 in font nullfont!
Missing character: There is no ： in font nullfont!
Missing character: There is no 根 in font nullfont!
Missing character: There is no 据 in font nullfont!
Missing character: There is no 历 in font nullfont!
Missing character: There is no 史 in font nullfont!
Missing character: There is no 数 in font nullfont!
Missing character: There is no 据 in font nullfont!
Missing character: There is no ， in font nullfont!
Missing character: There is no 预 in font nullfont!
Missing character: There is no 测 in font nullfont!
Missing character: There is no 未 in font nullfont!
Missing character: There is no 来 in font nullfont!
Missing character: There is no 所 in font nullfont!
Missing character: There is no 产 in font nullfont!
Missing character: There is no 生 in font nullfont!
Missing character: There is no 数 in font nullfont!
Missing character: There is no 据 in font nullfont!
Missing character: There is no 可 in font nullfont!
Missing character: There is no 能 in font nullfont!
Missing character: There is no 的 in font nullfont!
Missing character: There is no 值 in font nullfont!
Missing character: There is no 。 in font nullfont!
)
! Emergency stop.
<*> 预测算法描述.tex
                          
*** (job aborted, no legal \end found)

 
Here is how much of TeX's memory you used:
 7 strings out of 430478
 120 string characters out of 3191503
 44928 words of memory out of 3000000
 3237 multiletter control sequences out of 15000+200000
 3640 words of font info for 14 fonts, out of 3000000 for 9000
 14 hyphenation exceptions out of 8191
 9i,1n,6p,45b,60s stack positions out of 5000i,500n,10000p,200000b,50000s
No pages of output.
